<?xml version="1.0" encoding="UTF-8"?>
<testng-results ignored="0" total="1" passed="1" failed="0" skipped="0">
  <reporter-output>
  </reporter-output>
  <suite started-at="2024-04-02T19:43:03 IST" name="Default suite" finished-at="2024-04-02T19:43:24 IST" duration-ms="20489">
    <groups>
    </groups>
    <test started-at="2024-04-02T19:43:03 IST" name="Default test" finished-at="2024-04-02T19:43:24 IST" duration-ms="20489">
      <class name="testscripts.smoke.SalesForceLogin">
        <test-method signature="salesForceLoginTest()[pri:0, instance:testscripts.smoke.SalesForceLogin@26d9b808]" started-at="2024-04-02T19:43:03 IST" name="salesForceLoginTest" finished-at="2024-04-02T19:43:24 IST" duration-ms="20441" status="PASS">
          <reporter-output>
          </reporter-output>
        </test-method> <!-- salesForceLoginTest -->
      </class> <!-- testscripts.smoke.SalesForceLogin -->
    </test> <!-- Default test -->
  </suite> <!-- Default suite -->
</testng-results>
